android/build/intermediates/manifest_merge_blame_file/debug/manifest-merger-blame-debug-report.txt
1<?xml version="1.0" encoding="utf-8"?>
2<!-- AndroidManifest.xml -->
3<manifest xmlns:android="http://schemas.android.com/apk/res/android"
4    package="com.reactlibrary" >
5
6    <uses-sdk android:minSdkVersion="21" />
6-->src/main/AndroidManifest.xml
7
8</manifest>